<?xml version="1.0" encoding="UTF-8"?>
<!-- Generated by org.testng.reporters.JUnitReportReporter -->
<testsuite skipped="0" hostname="LAPTOP-EG3C4IFC" name="com.bitrix24.qa.testcases.LogInPageTest" tests="1" failures="0" timestamp="2020-07-16T20:01:07 EDT" time="28.430" errors="0">
  <testcase name="validateLoginpage" time="28.430" classname="com.bitrix24.qa.testcases.LogInPageTest"/>
  <system-out/>
</testsuite> <!-- com.bitrix24.qa.testcases.LogInPageTest -->
