<?xml version="1.0" encoding="UTF-8"?>
<!-- Generated by org.testng.reporters.JUnitReportReporter -->
<testsuite skipped="0" hostname="LAPTOP-EG3C4IFC" name="com.bitrix24.qa.testcases.HomePageTest" tests="2" failures="0" timestamp="2020-07-16T17:13:29 EDT" time="41.756" errors="0">
  <testcase name="verifyTiitle" time="18.246" classname="com.bitrix24.qa.testcases.HomePageTest"/>
  <system-out/>
  <testcase name="validateCRMLink" time="23.510" classname="com.bitrix24.qa.testcases.HomePageTest"/>
  <system-out/>
</testsuite> <!-- com.bitrix24.qa.testcases.HomePageTest -->
