<?xml version="1.0" encoding="UTF-8"?>
<!-- Generated by org.testng.reporters.JUnitReportReporter -->
<testsuite skipped="0" hostname="LAPTOP-EG3C4IFC" name="com.bitrix24.qa.testcases.HomePageTest" tests="2" failures="0" timestamp="2020-07-16T20:01:07 EDT" time="46.146" errors="0">
  <testcase name="verifyTiitle" time="22.688" classname="com.bitrix24.qa.testcases.HomePageTest"/>
  <system-out/>
  <testcase name="validateCRMLink" time="23.458" classname="com.bitrix24.qa.testcases.HomePageTest"/>
  <system-out/>
</testsuite> <!-- com.bitrix24.qa.testcases.HomePageTest -->
