<?xml version="1.0" encoding="UTF-8"?>
<!-- Generated by org.testng.reporters.JUnitReportReporter -->
<testsuite skipped="0" hostname="LAPTOP-EG3C4IFC" name="com.bitrix24.qa.testcases.CRMPagetest" tests="1" failures="0" timestamp="2020-07-16T17:13:29 EDT" time="31.743" errors="0">
  <testcase name="validatecrmtabisClicked" time="31.743" classname="com.bitrix24.qa.testcases.CRMPagetest"/>
  <system-out/>
</testsuite> <!-- com.bitrix24.qa.testcases.CRMPagetest -->
