<?xml version="1.0" encoding="UTF-8"?>
<!-- Generated by org.testng.reporters.JUnitReportReporter -->
<testsuite skipped="0" hostname="LAPTOP-EG3C4IFC" name="com.bitrix24.qa.testcases.CalendarPageTest" tests="2" failures="0" timestamp="2020-07-16T20:01:07 EDT" time="54.258" errors="0">
  <testcase name="verifyuserisinCalendarPage" time="26.377" classname="com.bitrix24.qa.testcases.CalendarPageTest"/>
  <system-out/>
  <testcase name="verifyusercancreatenewEvent" time="27.881" classname="com.bitrix24.qa.testcases.CalendarPageTest"/>
  <system-out/>
</testsuite> <!-- com.bitrix24.qa.testcases.CalendarPageTest -->
