<?xml version="1.0" encoding="UTF-8"?>
<!-- Generated by org.testng.reporters.JUnitReportReporter -->
<testsuite skipped="0" hostname="LAPTOP-EG3C4IFC" name="com.bitrix24.qa.testcases.CalendarPageTest" tests="2" failures="0" timestamp="2020-07-16T17:13:29 EDT" time="40.324" errors="0">
  <testcase name="verifyuserisinCalendarPage" time="18.116" classname="com.bitrix24.qa.testcases.CalendarPageTest"/>
  <system-out/>
  <testcase name="verifyusercancreatenewEvent" time="22.208" classname="com.bitrix24.qa.testcases.CalendarPageTest"/>
  <system-out/>
</testsuite> <!-- com.bitrix24.qa.testcases.CalendarPageTest -->
