<?xml version="1.0" encoding="UTF-8"?>
<!-- Generated by org.testng.reporters.JUnitReportReporter -->
<testsuite skipped="0" hostname="LAPTOP-EG3C4IFC" name="com.bitrix24.qa.testcases.HomePageTest" tests="2" failures="0" timestamp="2020-07-16T17:19:17 EDT" time="48.139" errors="0">
  <testcase name="verifyTiitle" time="20.844" classname="com.bitrix24.qa.testcases.HomePageTest"/>
  <system-out/>
  <testcase name="validateCRMLink" time="27.295" classname="com.bitrix24.qa.testcases.HomePageTest"/>
  <system-out/>
</testsuite> <!-- com.bitrix24.qa.testcases.HomePageTest -->
