<?xml version="1.0" encoding="UTF-8"?>
<!-- Generated by org.testng.reporters.JUnitReportReporter -->
<testsuite skipped="0" hostname="LAPTOP-EG3C4IFC" name="com.bitrix24.qa.testcases.CalendarPageTest" tests="2" failures="0" timestamp="2020-07-16T17:19:17 EDT" time="43.316" errors="0">
  <testcase name="verifyuserisinCalendarPage" time="20.522" classname="com.bitrix24.qa.testcases.CalendarPageTest"/>
  <system-out/>
  <testcase name="verifyusercancreatenewEvent" time="22.794" classname="com.bitrix24.qa.testcases.CalendarPageTest"/>
  <system-out/>
</testsuite> <!-- com.bitrix24.qa.testcases.CalendarPageTest -->
