<?xml version="1.0" encoding="UTF-8"?>
<!-- Generated by org.testng.reporters.JUnitReportReporter -->
<testsuite skipped="0" hostname="LAPTOP-EG3C4IFC" name="com.bitrix24.qa.testcases.HomePageTest" tests="1" failures="0" timestamp="2020-07-17T18:51:37 EDT" time="31.113" errors="0">
  <testcase name="clickCRM" time="31.113" classname="com.bitrix24.qa.testcases.HomePageTest"/>
  <system-out/>
</testsuite> <!-- com.bitrix24.qa.testcases.HomePageTest -->
