<?xml version="1.0" encoding="UTF-8"?>
<!-- Generated by org.testng.reporters.JUnitReportReporter -->
<testsuite skipped="0" hostname="LAPTOP-EG3C4IFC" name="com.bitrix24.qa.testcases.CalendarPageTest" tests="1" failures="0" timestamp="2020-07-17T18:51:37 EDT" time="32.196" errors="0">
  <testcase name="verifyusercancreatenewEvent" time="32.196" classname="com.bitrix24.qa.testcases.CalendarPageTest"/>
  <system-out/>
</testsuite> <!-- com.bitrix24.qa.testcases.CalendarPageTest -->
